[2025-08-17T01:10:11.141Z] POST /login Status: 200 - 118ms
[2025-08-17T01:18:09.084Z] GET /error Status: 500 - 3ms
[2025-08-17T01:20:46.142Z] POST /login Status: 200 - 122ms
[2025-08-17T01:21:17.269Z] POST /stats/parts Status: 404 - 2ms
[2025-08-17T01:21:24.922Z] GET /stats/parts Status: 200 - 56ms
[2025-08-17T01:28:54.234Z] GET /collection Status: 201 - 71ms
[2025-08-17T01:40:36.115Z] GET /collection Status: 200 - 64ms
[2025-08-17T01:48:37.025Z] GET /collection Status: 200 - 63ms
[2025-08-17T01:57:58.747Z] GET /collection:40775-1 Status: 404 - 5ms
[2025-08-17T01:58:21.471Z] GET /collection/:40775-1 Status: 404 - 73ms
[2025-08-17T01:58:48.344Z] GET /collection/40775-1 Status: 404 - 44ms
[2025-08-17T01:59:11.687Z] GET /collection/40775-1 Status: 404 - 46ms
[2025-08-17T01:59:20.786Z] GET /collection/40775-1 Status: 404 - 45ms
[2025-08-17T01:59:21.972Z] GET /collection/40775-1 Status: 404 - 44ms
[2025-08-17T01:59:28.191Z] GET /collection/40775-1 Status: 404 - 42ms
[2025-08-17T01:59:31.612Z] GET /collection/40775 Status: 404 - 50ms
[2025-08-17T02:00:09.579Z] GET /collection/40755-1 Status: 200 - 50ms
[2025-08-17T02:09:55.475Z] DELETE /collection/40755-1 Status: 200 - 115ms
[2025-08-17T02:20:35.294Z] PATCH /collection/75401-1 Status: 400 - 4ms
[2025-08-17T02:20:40.768Z] PATCH /collection/75401-1 Status: 401 - 2ms
[2025-08-17T02:21:30.065Z] POST /login Status: 200 - 115ms
[2025-08-17T02:22:35.899Z] PATCH /collection/75401-1 Status: 400 - 2ms
[2025-08-17T02:22:45.893Z] PATCH /collection/75401-1 Status: 400 - 2ms
[2025-08-17T02:23:33.865Z] PATCH /collection/75401-1 Status: 401 - 2ms
[2025-08-17T02:24:10.575Z] PATCH /collection/75401-1 Status: 200 - 103ms
[2025-08-17T02:24:33.989Z] PATCH /collection/75401-1 Status: 200 - 94ms
[2025-08-17T02:24:36.577Z] PATCH /collection/75401-1 Status: 200 - 88ms
